<?xml version="1.0" encoding="UTF-8"?>
<testng-results skipped="0" failed="0" total="1" passed="1">
  <reporter-output>
  </reporter-output>
  <suite name="Default suite" duration-ms="31767" started-at="2019-10-19T14:14:55Z" finished-at="2019-10-19T14:15:27Z">
    <groups>
    </groups>
    <test name="Default test" duration-ms="31767" started-at="2019-10-19T14:14:55Z" finished-at="2019-10-19T14:15:27Z">
      <class name="com.mmtautomation.test.RegressionTest">
        <test-method status="PASS" signature="FindFlightTest()[pri:0, instance:com.mmtautomation.test.RegressionTest@babb1]" name="FindFlightTest" duration-ms="29738" started-at="2019-10-19T19:44:55Z" finished-at="2019-10-19T19:45:25Z">
          <reporter-output>
          </reporter-output>
        </test-method> <!-- FindFlightTest -->
        <test-method status="PASS" signature="tearDown()[pri:0, instance:com.mmtautomation.test.RegressionTest@babb1]" name="tearDown" is-config="true" duration-ms="2017" started-at="2019-10-19T19:45:25Z" finished-at="2019-10-19T19:45:27Z">
          <reporter-output>
          </reporter-output>
        </test-method> <!-- tearDown -->
      </class> <!-- com.mmtautomation.test.RegressionTest -->
    </test> <!-- Default test -->
  </suite> <!-- Default suite -->
</testng-results>
